This is pdfTeX, Version 3.1415926-2.5-1.40.14 (MiKTeX 2.9) (preloaded format=pdflatex 2015.9.29)  23 JUN 2016 14:21
entering extended mode
**sbc-template.tex

("D:\Dropbox\UTFPR\8º Semestre\Sistemas Distribuídos\TrabalhoFinalSD\template
-latex\sbc-template.tex"
LaTeX2e <2011/06/27>
Babel <v3.8m> and hyphenation patterns for english, afrikaans, ancientgreek, ar
abic, armenian, assamese, basque, bengali, bokmal, bulgarian, catalan, coptic, 
croatian, czech, danish, dutch, esperanto, estonian, farsi, finnish, french, ga
lician, german, german-x-2013-05-26, greek, gujarati, hindi, hungarian, iceland
ic, indonesian, interlingua, irish, italian, kannada, kurmanji, latin, latvian,
 lithuanian, malayalam, marathi, mongolian, mongolianlmc, monogreek, ngerman, n
german-x-2013-05-26, nynorsk, oriya, panjabi, pinyin, polish, portuguese, roman
ian, russian, sanskrit, serbian, slovak, slovenian, spanish, swedish, swissgerm
an, tamil, telugu, turkish, turkmen, ukenglish, ukrainian, uppersorbian, usengl
ishmax, welsh, loaded.
("C:\Program Files (x86)\MiKTeX 2.9\tex\latex\base\article.cls"
Document Class: article 2007/10/19 v1.4h Standard LaTeX document class
("C:\Program Files (x86)\MiKTeX 2.9\tex\latex\base\size12.clo"
File: size12.clo 2007/10/19 v1.4h Standard LaTeX file (size option)
)
\c@part=\count79
\c@section=\count80
\c@subsection=\count81
\c@subsubsection=\count82
\c@paragraph=\count83
\c@subparagraph=\count84
\c@figure=\count85
\c@table=\count86
\abovecaptionskip=\skip41
\belowcaptionskip=\skip42
\bibindent=\dimen102
)
("D:\Dropbox\UTFPR\8º Semestre\Sistemas Distribuídos\TrabalhoFinalSD\template
-latex\sbc-template.sty"
Package: sbc-template 2001/06/09

("C:\Program Files (x86)\MiKTeX 2.9\tex\latex\geometry\geometry.sty"
Package: geometry 2010/09/12 v5.6 Page Geometry

("C:\Program Files (x86)\MiKTeX 2.9\tex\latex\graphics\keyval.sty"
Package: keyval 1999/03/16 v1.13 key=value parser (DPC)
\KV@toks@=\toks14
)
("C:\Program Files (x86)\MiKTeX 2.9\tex\generic\oberdiek\ifpdf.sty"
Package: ifpdf 2011/01/30 v2.3 Provides the ifpdf switch (HO)
Package ifpdf Info: pdfTeX in PDF mode is detected.
)
("C:\Program Files (x86)\MiKTeX 2.9\tex\generic\oberdiek\ifvtex.sty"
Package: ifvtex 2010/03/01 v1.5 Detect VTeX and its facilities (HO)
Package ifvtex Info: VTeX not detected.
)
("C:\Program Files (x86)\MiKTeX 2.9\tex\generic\ifxetex\ifxetex.sty"
Package: ifxetex 2010/09/12 v0.6 Provides ifxetex conditional
)
\Gm@cnth=\count87
\Gm@cntv=\count88
\c@Gm@tempcnt=\count89
\Gm@bindingoffset=\dimen103
\Gm@wd@mp=\dimen104
\Gm@odd@mp=\dimen105
\Gm@even@mp=\dimen106
\Gm@layoutwidth=\dimen107
\Gm@layoutheight=\dimen108
\Gm@layouthoffset=\dimen109
\Gm@layoutvoffset=\dimen110
\Gm@dimlist=\toks15

("C:\Program Files (x86)\MiKTeX 2.9\tex\latex\geometry\geometry.cfg"))
("D:\Dropbox\UTFPR\8º Semestre\Sistemas Distribuídos\TrabalhoFinalSD\template
-latex\caption2.sty"
Package: caption2 2002/08/03 v2.1 Customising captions (AS)
\captionmargin=\dimen111
\captionwidth=\dimen112
\captionindent=\dimen113
Package caption2 Info: Running in caption2 v2.0 compatibility mode on input lin
e 147.
\captionlinewidth=\dimen114
)
("C:\Program Files (x86)\MiKTeX 2.9\tex\latex\psnfss\times.sty"
Package: times 2005/04/12 PSNFSS-v9.2a (SPQR) 
)
\c@instn=\count90

("C:\Program Files (x86)\MiKTeX 2.9\tex\latex\titlesec\titlesec.sty"
Package: titlesec 2016/03/21 v2.10.2 Sectioning titles
\ttl@box=\box26
\beforetitleunit=\skip43
\aftertitleunit=\skip44
\ttl@plus=\dimen115
\ttl@minus=\dimen116
\ttl@toksa=\toks16
\titlewidth=\dimen117
\titlewidthlast=\dimen118
\titlewidthfirst=\dimen119
))
("C:\Program Files (x86)\MiKTeX 2.9\tex\latex\graphics\graphicx.sty"
Package: graphicx 1999/02/16 v1.0f Enhanced LaTeX Graphics (DPC,SPQR)

("C:\Program Files (x86)\MiKTeX 2.9\tex\latex\graphics\graphics.sty"
Package: graphics 2009/02/05 v1.0o Standard LaTeX Graphics (DPC,SPQR)

("C:\Program Files (x86)\MiKTeX 2.9\tex\latex\graphics\trig.sty"
Package: trig 1999/03/16 v1.09 sin cos tan (DPC)
)
("C:\Program Files (x86)\MiKTeX 2.9\tex\latex\00miktex\graphics.cfg"
File: graphics.cfg 2007/01/18 v1.5 graphics configuration of teTeX/TeXLive
)
Package graphics Info: Driver file: pdftex.def on input line 91.

("C:\Program Files (x86)\MiKTeX 2.9\tex\latex\pdftex-def\pdftex.def"
File: pdftex.def 2011/05/27 v0.06d Graphics/color for pdfTeX

("C:\Program Files (x86)\MiKTeX 2.9\tex\generic\oberdiek\infwarerr.sty"
Package: infwarerr 2010/04/08 v1.3 Providing info/warning/error messages (HO)
)
("C:\Program Files (x86)\MiKTeX 2.9\tex\generic\oberdiek\ltxcmds.sty"
Package: ltxcmds 2011/11/09 v1.22 LaTeX kernel commands for general use (HO)
)
\Gread@gobject=\count91
))
\Gin@req@height=\dimen120
\Gin@req@width=\dimen121
)
("C:\Program Files (x86)\MiKTeX 2.9\tex\latex\url\url.sty"
\Urlmuskip=\muskip10
Package: url 2013/09/16  ver 3.4  Verb mode for urls, etc.
)
("C:\Program Files (x86)\MiKTeX 2.9\tex\generic\babel\babel.sty"
Package: babel 2008/07/08 v3.8m The Babel package

*************************************
* Local config file bblopts.cfg used
*
("C:\Program Files (x86)\MiKTeX 2.9\tex\latex\00miktex\bblopts.cfg"
File: bblopts.cfg 2006/07/31 v1.0 MiKTeX 'babel' configuration
)
("C:\Program Files (x86)\MiKTeX 2.9\tex\generic\babel\portuges.ldf"
Language: portuges 2008/03/18 v1.2q Portuguese support from the babel system

("C:\Program Files (x86)\MiKTeX 2.9\tex\generic\babel\babel.def"
File: babel.def 2008/07/08 v3.8m Babel common definitions
\babel@savecnt=\count92
\U@D=\dimen122
)
\l@brazil = a dialect from \language\l@portuges 
Package babel Info: Making " an active character on input line 145.
))
("C:\Program Files (x86)\MiKTeX 2.9\tex\latex\base\inputenc.sty"
Package: inputenc 2008/03/30 v1.1d Input encoding file
\inpenc@prehook=\toks17
\inpenc@posthook=\toks18

("C:\Program Files (x86)\MiKTeX 2.9\tex\latex\base\latin1.def"
File: latin1.def 2008/03/30 v1.1d Input encoding file
))
("C:\Program Files (x86)\MiKTeX 2.9\tex\latex\xcolor\xcolor.sty"
Package: xcolor 2007/01/21 v2.11 LaTeX color extensions (UK)

("C:\Program Files (x86)\MiKTeX 2.9\tex\latex\00miktex\color.cfg"
File: color.cfg 2007/01/18 v1.5 color configuration of teTeX/TeXLive
)
Package xcolor Info: Driver file: pdftex.def on input line 225.

("C:\Program Files (x86)\MiKTeX 2.9\tex\latex\colortbl\colortbl.sty"
Package: colortbl 2012/02/13 v1.0a Color table columns (DPC)

("C:\Program Files (x86)\MiKTeX 2.9\tex\latex\tools\array.sty"
Package: array 2008/09/09 v2.4c Tabular extension package (FMi)
\col@sep=\dimen123
\extrarowheight=\dimen124
\NC@list=\toks19
\extratabsurround=\skip45
\backup@length=\skip46
)
\everycr=\toks20
\minrowclearance=\skip47
)
\rownum=\count93
Package xcolor Info: Model `cmy' substituted by `cmy0' on input line 1337.
Package xcolor Info: Model `hsb' substituted by `rgb' on input line 1341.
Package xcolor Info: Model `RGB' extended on input line 1353.
Package xcolor Info: Model `HTML' substituted by `rgb' on input line 1355.
Package xcolor Info: Model `Hsb' substituted by `hsb' on input line 1356.
Package xcolor Info: Model `tHsb' substituted by `hsb' on input line 1357.
Package xcolor Info: Model `HSB' substituted by `hsb' on input line 1358.
Package xcolor Info: Model `Gray' substituted by `gray' on input line 1359.
Package xcolor Info: Model `wave' substituted by `hsb' on input line 1360.
)
("D:\Dropbox\UTFPR\8º Semestre\Sistemas Distribuídos\TrabalhoFinalSD\template
-latex\sbc-template.aux")
LaTeX Font Info:    Checking defaults for OML/cmm/m/it on input line 26.
LaTeX Font Info:    ... okay on input line 26.
LaTeX Font Info:    Checking defaults for T1/cmr/m/n on input line 26.
LaTeX Font Info:    ... okay on input line 26.
LaTeX Font Info:    Checking defaults for OT1/cmr/m/n on input line 26.
LaTeX Font Info:    ... okay on input line 26.
LaTeX Font Info:    Checking defaults for OMS/cmsy/m/n on input line 26.
LaTeX Font Info:    ... okay on input line 26.
LaTeX Font Info:    Checking defaults for OMX/cmex/m/n on input line 26.
LaTeX Font Info:    ... okay on input line 26.
LaTeX Font Info:    Checking defaults for U/cmr/m/n on input line 26.
LaTeX Font Info:    ... okay on input line 26.
LaTeX Font Info:    Try loading font information for OT1+ptm on input line 26.

("C:\Program Files (x86)\MiKTeX 2.9\tex\latex\psnfss\ot1ptm.fd"
File: ot1ptm.fd 2001/06/04 font definitions for OT1/ptm.
)
*geometry* driver: auto-detecting
*geometry* detected driver: pdftex
*geometry* verbose mode - [ preamble ] result:
* driver: pdftex
* paper: a4paper
* layout: <same size as paper>
* layoutoffset:(h,v)=(0.0pt,0.0pt)
* modes: 
* h-part:(L,W,R)=(85.35826pt, 426.79135pt, 85.35826pt)
* v-part:(T,H,B)=(99.58464pt, 674.33032pt, 71.13188pt)
* \paperwidth=597.50787pt
* \paperheight=845.04684pt
* \textwidth=426.79135pt
* \textheight=674.33032pt
* \oddsidemargin=13.08827pt
* \evensidemargin=13.08827pt
* \topmargin=-9.68535pt
* \headheight=12.0pt
* \headsep=25.0pt
* \topskip=12.0pt
* \footskip=30.0pt
* \marginparwidth=44.0pt
* \marginparsep=10.0pt
* \columnsep=10.0pt
* \skip\footins=10.8pt plus 4.0pt minus 2.0pt
* \hoffset=0.0pt
* \voffset=0.0pt
* \mag=1000
* \@twocolumnfalse
* \@twosidefalse
* \@mparswitchfalse
* \@reversemarginfalse
* (1in=72.27pt=25.4mm, 1cm=28.453pt)

("C:\Program Files (x86)\MiKTeX 2.9\tex\context\base\supp-pdf.mkii"
[Loading MPS to PDF converter (version 2006.09.02).]
\scratchcounter=\count94
\scratchdimen=\dimen125
\scratchbox=\box27
\nofMPsegments=\count95
\nofMParguments=\count96
\everyMPshowfont=\toks21
\MPscratchCnt=\count97
\MPscratchDim=\dimen126
\MPnumerator=\count98
\makeMPintoPDFobject=\count99
\everyMPtoPDFconversion=\toks22
)
LaTeX Font Info:    Font shape `OT1/ptm/bx/n' in size <16> not available
(Font)              Font shape `OT1/ptm/b/n' tried instead on input line 28.
LaTeX Font Info:    Font shape `OT1/ptm/bx/n' in size <12> not available
(Font)              Font shape `OT1/ptm/b/n' tried instead on input line 28.
LaTeX Font Info:    External font `cmex10' loaded for size
(Font)              <12> on input line 28.
LaTeX Font Info:    External font `cmex10' loaded for size
(Font)              <8> on input line 28.
LaTeX Font Info:    External font `cmex10' loaded for size
(Font)              <6> on input line 28.
LaTeX Font Info:    Try loading font information for OT1+pcr on input line 28.
 ("C:\Program Files (x86)\MiKTeX 2.9\tex\latex\psnfss\ot1pcr.fd"
File: ot1pcr.fd 2001/06/04 font definitions for OT1/pcr.
)
Overfull \hbox (43.36317pt too wide) in paragraph at lines 28--28
 [][] 
 []

LaTeX Font Info:    Font shape `OT1/ptm/bx/it' in size <12> not available
(Font)              Font shape `OT1/ptm/b/it' tried instead on input line 30.
LaTeX Font Info:    Font shape `OT1/ptm/bx/n' in size <13> not available
(Font)              Font shape `OT1/ptm/b/n' tried instead on input line 39.
[1

{C:/ProgramData/MiKTeX/2.9/pdftex/config/pdftex.map}] [2]
<wban.png, id=14, 185.493pt x 224.037pt>
File: wban.png Graphic file (type png)
 <use wban.png>
Package pdftex.def Info: wban.png used on input line 77.
(pdftex.def)             Requested size: 170.71393pt x 206.19514pt.
LaTeX Font Info:    Try loading font information for OT1+phv on input line 78.

("C:\Program Files (x86)\MiKTeX 2.9\tex\latex\psnfss\ot1phv.fd"
File: ot1phv.fd 2001/06/04 scalable font definitions for OT1/phv.
)
LaTeX Font Info:    Font shape `OT1/phv/bx/n' in size <10> not available
(Font)              Font shape `OT1/phv/b/n' tried instead on input line 78.

Underfull \vbox (badness 6300) has occurred while \output is active []

 [3 <D:/Dropbox/UTFPR/8º Semestre/Sistemas Distribuídos/TrabalhoFinalSD/templ
ate-latex/wban.png>]
LaTeX Font Info:    Try loading font information for OMS+ptm on input line 93.
 ("C:\Program Files (x86)\MiKTeX 2.9\tex\latex\psnfss\omsptm.fd"
File: omsptm.fd 
)
LaTeX Font Info:    Font shape `OMS/ptm/m/n' in size <12> not available
(Font)              Font shape `OMS/cmsy/m/n' tried instead on input line 93.

Underfull \hbox (badness 2285) in paragraph at lines 114--115
[]\OT1/ptm/m/n/12 Baseando-se em re-fe-ren-ci-ais te[]oricos, como em [[]] e
 []

[4] [5] <Grafico0.png, id=26, 938.75719pt x 408.77719pt>
File: Grafico0.png Graphic file (type png)
 <use Grafico0.png>
Package pdftex.def Info: Grafico0.png used on input line 168.
(pdftex.def)             Requested size: 418.2537pt x 182.1267pt.

<Grafico1.png, id=27, 932.73468pt x 402.00188pt>
File: Grafico1.png Graphic file (type png)
 <use Grafico1.png>
Package pdftex.def Info: Grafico1.png used on input line 175.
(pdftex.def)             Requested size: 418.2537pt x 180.26123pt.

<Grafico2.png, id=28, 932.73468pt x 402.00188pt>
File: Grafico2.png Graphic file (type png)
 <use Grafico2.png>
Package pdftex.def Info: Grafico2.png used on input line 182.
(pdftex.def)             Requested size: 418.2537pt x 180.26123pt.


LaTeX Warning: `h' float specifier changed to `ht'.


LaTeX Warning: `h' float specifier changed to `ht'.


LaTeX Warning: `h' float specifier changed to `ht'.

[6 <D:/Dropbox/UTFPR/8º Semestre/Sistemas Distribuídos/TrabalhoFinalSD/templa
te-latex/Grafico0.png (PNG copy)> <D:/Dropbox/UTFPR/8º Semestre/Sistemas Distr
ibuídos/TrabalhoFinalSD/template-latex/Grafico1.png (PNG copy)>]
Underfull \hbox (badness 1694) in paragraph at lines 215--216
\OT1/ptm/m/n/12 so-res tamb[]em in-flu-en-ciou no de-sem-pe-nho da rede. Da mes
ma forma que em
 []


Underfull \vbox (badness 3815) has occurred while \output is active []

 [7 <D:/Dropbox/UTFPR/8º Semestre/Sistemas Distribuídos/TrabalhoFinalSD/templ
ate-latex/Grafico2.png (PNG copy)>] <Grafico3.png, id=36, 639.89063pt x 359.844
38pt>
File: Grafico3.png Graphic file (type png)

<use Grafico3.png>
Package pdftex.def Info: Grafico3.png used on input line 219.
(pdftex.def)             Requested size: 418.2537pt x 235.20836pt.
 <Grafico4.png, id=37, 639.89063pt x 359.84438pt>
File: Grafico4.png Graphic file (type png)

<use Grafico4.png>
Package pdftex.def Info: Grafico4.png used on input line 226.
(pdftex.def)             Requested size: 418.2537pt x 235.20836pt.


LaTeX Warning: `h' float specifier changed to `ht'.

[8 <D:/Dropbox/UTFPR/8º Semestre/Sistemas Distribuídos/TrabalhoFinalSD/templa
te-latex/Grafico3.png (PNG copy)>]
("D:\Dropbox\UTFPR\8º Semestre\Sistemas Distribuídos\TrabalhoFinalSD\template
-latex\sbc-template.bbl" [9 <D:/Dropbox/UTFPR/8º Semestre/Sistemas Distribuíd
os/TrabalhoFinalSD/template-latex/Grafico4.png (PNG copy)>]) [10]
("D:\Dropbox\UTFPR\8º Semestre\Sistemas Distribuídos\TrabalhoFinalSD\template
-latex\sbc-template.aux") ) 
Here is how much of TeX's memory you used:
 3303 strings out of 493921
 44739 string characters out of 3144924
 116146 words of memory out of 3000000
 6540 multiletter control sequences out of 15000+200000
 21033 words of font info for 44 fonts, out of 3000000 for 9000
 841 hyphenation exceptions out of 8191
 41i,11n,35p,1369b,307s stack positions out of 5000i,500n,10000p,200000b,50000s
{C:/Program Files (x86)/MiKTeX 2.9/fonts/enc/dvips/f
ontname/8r.enc}<C:/Program Files (x86)/MiKTeX 2.9/fonts/type1/public/amsfonts/c
m/cmr8.pfb><C:/Program Files (x86)/MiKTeX 2.9/fonts/type1/public/amsfonts/cm/cm
sy10.pfb><C:/Program Files (x86)/MiKTeX 2.9/fonts/type1/urw/courier/ucrr8a.pfb>
<C:/Program Files (x86)/MiKTeX 2.9/fonts/type1/urw/helvetic/uhvb8a.pfb><C:/Prog
ram Files (x86)/MiKTeX 2.9/fonts/type1/urw/times/utmb8a.pfb><C:/Program Files (
x86)/MiKTeX 2.9/fonts/type1/urw/times/utmbi8a.pfb><C:/Program Files (x86)/MiKTe
X 2.9/fonts/type1/urw/times/utmr8a.pfb><C:/Program Files (x86)/MiKTeX 2.9/fonts
/type1/urw/times/utmri8a.pfb>
Output written on sbc-template.pdf (10 pages, 434128 bytes).
PDF statistics:
 74 PDF objects out of 1000 (max. 8388607)
 0 named destinations out of 1000 (max. 500000)
 31 words of extra memory for PDF output out of 10000 (max. 10000000)

